18:45:40 **** Build of configuration Nios II for project Gesture_Test ****
make all 
Info: Building ../Gesture_Test_bsp/
C:/altera/15.0.145/nios2eds/bin/gnu/H-x86_64-mingw32/bin/make --no-print-directory -C ../Gesture_Test_bsp/
[BSP build complete]
Info: Compiling main.c to obj/default/main.o
nios2-elf-gcc -xc -MP -MMD -c -I../Gesture_Test_bsp//HAL/inc -I../Gesture_Test_bsp/ -I../Gesture_Test_bsp//drivers/inc -Isi114x_lib -Iterasic_lib  -pipe -D__hal__ -DALT_NO_INSTRUCTION_EMULATION -DALT_SINGLE_THREADED    -Os -g -Wall   -mno-hw-div -mhw-mul -mno-hw-mulx  -o obj/default/main.o main.c
In file included from main.c:19:0:
si114x_lib/si114x_algorithm.h:65:18: warning: 'ProcessSi1147Samples' declared 'static' but never defined [-Wunused-function]
 static gesture_t ProcessSi1147Samples(Si114x_Sample_TypeDef *samples);
                  ^
In file included from main.c:20:0:
si114x_lib/si114x_function.h:55:15: warning: '_sendCmd' declared 'static' but never defined [-Wunused-function]
 static alt_u8 _sendCmd(HANDLE si114x_handle, alt_u8 command);
               ^
si114x_lib/si114x_function.h:56:15: warning: '_PsAlsPause' declared 'static' but never defined [-Wunused-function]
 static alt_u8 _PsAlsPause (HANDLE si114x_handle);
               ^
si114x_lib/si114x_function.h:57:15: warning: '_waitUntilSleep' declared 'static' but never defined [-Wunused-function]
 static alt_u8 _waitUntilSleep(HANDLE si114x_handle);
               ^
Info: Compiling si114x_lib/si114x_algorithm.c to obj/default/si114x_lib/si114x_algorithm.o
nios2-elf-gcc -xc -MP -MMD -c -I../Gesture_Test_bsp//HAL/inc -I../Gesture_Test_bsp/ -I../Gesture_Test_bsp//drivers/inc -Isi114x_lib -Iterasic_lib  -pipe -D__hal__ -DALT_NO_INSTRUCTION_EMULATION -DALT_SINGLE_THREADED    -Os -g -Wall   -mno-hw-div -mhw-mul -mno-hw-mulx  -o obj/default/si114x_lib/si114x_algorithm.o si114x_lib/si114x_algorithm.c
si114x_lib/si114x_algorithm.c:21:0: warning: "PS_THRESHOLD" redefined
 #define PS_THRESHOLD          270
 ^
In file included from si114x_lib/si114x_algorithm.c:10:0:
si114x_lib/si114x_algorithm.h:23:0: note: this is the location of the previous definition
 #define PS_THRESHOLD          275
 ^
si114x_lib/si114x_algorithm.c: In function 'readPSData':
si114x_lib/si114x_algorithm.c:62:4: warning: implicit declaration of function 'Si114xReadFromRegister' [-Wimplicit-function-declaration]
    sample->ps1  = Si114xReadFromRegister(si114x_handle, REG_PS1_DATA0);
    ^
In file included from si114x_lib/si114x_algorithm.c:8:0:
si114x_lib/si114x_algorithm.c: At top level:
si114x_lib/si114x_function.h:55:15: warning: '_sendCmd' declared 'static' but never defined [-Wunused-function]
 static alt_u8 _sendCmd(HANDLE si114x_handle, alt_u8 command);
               ^
si114x_lib/si114x_function.h:56:15: warning: '_PsAlsPause' declared 'static' but never defined [-Wunused-function]
 static alt_u8 _PsAlsPause (HANDLE si114x_handle);
               ^
si114x_lib/si114x_function.h:57:15: warning: '_waitUntilSleep' declared 'static' but never defined [-Wunused-function]
 static alt_u8 _waitUntilSleep(HANDLE si114x_handle);
               ^
In file included from si114x_lib/si114x_algorithm.c:10:0:
si114x_lib/si114x_algorithm.h:65:18: warning: 'ProcessSi1147Samples' declared 'static' but never defined [-Wunused-function]
 static gesture_t ProcessSi1147Samples(Si114x_Sample_TypeDef *samples);
                  ^
Info: Compiling si114x_lib/si114x_function.c to obj/default/si114x_lib/si114x_function.o
nios2-elf-gcc -xc -MP -MMD -c -I../Gesture_Test_bsp//HAL/inc -I../Gesture_Test_bsp/ -I../Gesture_Test_bsp//drivers/inc -Isi114x_lib -Iterasic_lib  -pipe -D__hal__ -DALT_NO_INSTRUCTION_EMULATION -DALT_SINGLE_THREADED    -Os -g -Wall   -mno-hw-div -mhw-mul -mno-hw-mulx  -o obj/default/si114x_lib/si114x_function.o si114x_lib/si114x_function.c
si114x_lib/si114x_function.c: In function 'Si114xWriteToRegister':
si114x_lib/si114x_function.c:13:4: warning: implicit declaration of function 'OC_I2C_Write' [-Wimplicit-function-declaration]
    OC_I2C_Write(((si114x_i2c_t*)si114x_handle)->i2c,((si114x_i2c_t*)si114x_handle)->addr,address,data);
    ^
si114x_lib/si114x_function.c: In function 'Si114xReadFromRegister':
si114x_lib/si114x_function.c:19:4: warning: implicit declaration of function 'OC_I2C_Read' [-Wimplicit-function-declaration]
    OC_I2C_Read(((si114x_i2c_t*)si114x_handle)->i2c,((si114x_i2c_t*)si114x_handle)->addr,address,&data,1);
    ^
si114x_lib/si114x_function.c: In function 'Si114xPauseAll':
si114x_lib/si114x_function.c:77:9: warning: unused variable 'data' [-Wunused-variable]
  alt_u8 data;
         ^
Info: Compiling terasic_lib/I2C_core.c to obj/default/terasic_lib/I2C_core.o
nios2-elf-gcc -xc -MP -MMD -c -I../Gesture_Test_bsp//HAL/inc -I../Gesture_Test_bsp/ -I../Gesture_Test_bsp//drivers/inc -Isi114x_lib -Iterasic_lib  -pipe -D__hal__ -DALT_NO_INSTRUCTION_EMULATION -DALT_SINGLE_THREADED    -Os -g -Wall   -mno-hw-div -mhw-mul -mno-hw-mulx  -o obj/default/terasic_lib/I2C_core.o terasic_lib/I2C_core.c
Info: Compiling terasic_lib/debug.c to obj/default/terasic_lib/debug.o
nios2-elf-gcc -xc -MP -MMD -c -I../Gesture_Test_bsp//HAL/inc -I../Gesture_Test_bsp/ -I../Gesture_Test_bsp//drivers/inc -Isi114x_lib -Iterasic_lib  -pipe -D__hal__ -DALT_NO_INSTRUCTION_EMULATION -DALT_SINGLE_THREADED    -Os -g -Wall   -mno-hw-div -mhw-mul -mno-hw-mulx  -o obj/default/terasic_lib/debug.o terasic_lib/debug.c
terasic_lib/debug.c: In function 'myprintf_hexarray':
terasic_lib/debug.c:83:9: warning: pointer targets in passing argument 1 of 'sprintf' differ in signedness [-Wpointer-sign]
         sprintf(szText, "[%02X]", *(pHex+i));
         ^
In file included from c:\altera\15.0.145\nios2eds\bin\gnu\h-x86_64-mingw32\nios2-elf\include\stdio.h:29:0,
                 from terasic_lib/debug.c:33:
c:\altera\15.0.145\nios2eds\bin\gnu\h-x86_64-mingw32\nios2-elf\include\stdio.h:262:5: note: expected 'char *' but argument is of type 'unsigned char *'
 int _EXFUN(sprintf, (char *, const char *, ...)
     ^
In file included from terasic_lib/terasic_includes.h:52:0,
                 from terasic_lib/debug.c:35:
terasic_lib/debug.h:78:37: warning: pointer targets in passing argument 1 of 'myprintf' differ in signedness [-Wpointer-sign]
     #define DEBUG(x)               {myprintf x;}  // standard in/out, specifed in project (it could be uart, jtag, or lcd)
                                     ^
terasic_lib/debug.c:84:9: note: in expansion of macro 'DEBUG'
         DEBUG((szText));
         ^
terasic_lib/debug.c:64:5: note: expected 'char *' but argument is of type 'unsigned char *'
 int myprintf(char *format, ...){
     ^
Info: Linking Gesture_Test.elf
nios2-elf-g++  -T'../Gesture_Test_bsp//linker.x' -msys-crt0='../Gesture_Test_bsp//obj/HAL/src/crt0.o' -msys-lib=hal_bsp -L../Gesture_Test_bsp/   -Wl,-Map=Gesture_Test.map   -Os -g -Wall   -mno-hw-div -mhw-mul -mno-hw-mulx  -o Gesture_Test.elf obj/default/main.o obj/default/si114x_lib/si114x_algorithm.o obj/default/si114x_lib/si114x_function.o obj/default/terasic_lib/I2C_core.o obj/default/terasic_lib/debug.o -lm 
nios2-elf-insert Gesture_Test.elf --thread_model hal --cpu_name nios2_gen2 --qsys true --simulation_enabled false --id 0 --sidp 0x41070 --timestamp 1432028961 --stderr_dev jtag_uart --stdin_dev jtag_uart --stdout_dev jtag_uart --sopc_system_name amax10_qsys --quartus_project_dir "D:/Home/User/Desktop/alert" --jdi D:/Home/User/Desktop/alert/software/Gesture_Test_bsp/../../Light_Sensor.jdi --sopcinfo D:/Home/User/Desktop/alert/software/Gesture_Test_bsp/../../amax10_qsys.sopcinfo
Info: (Gesture_Test.elf) 86 KBytes program size (code + initialized data).
Info:                    34 KBytes free for stack + heap.
Info: Creating Gesture_Test.objdump
nios2-elf-objdump --disassemble --syms --all-header --source Gesture_Test.elf >Gesture_Test.objdump
[Gesture_Test build complete]
18:45:55 **** Incremental Build of configuration Nios II for project Gesture_Test ****
make all 
Info: Building ../Gesture_Test_bsp/
C:/altera/15.0.145/nios2eds/bin/gnu/H-x86_64-mingw32/bin/make --no-print-directory -C ../Gesture_Test_bsp/
[BSP build complete]
[Gesture_Test build complete]
