This is pdfTeX, Version 3.14159265-2.6-1.40.20 (TeX Live 2019/Debian) (preloaded format=pdflatex 2023.7.28)  22 AUG 2023 10:22
entering extended mode
 restricted \write18 enabled.
 %&-line parsing enabled.
**report.tex
(./report.tex
LaTeX2e <2020-02-02> patch level 2
L3 programming layer <2020-02-14>
(/usr/share/texlive/texmf-dist/tex/latex/base/book.cls
Document Class: book 2019/12/20 v1.4l Standard LaTeX document class
(/usr/share/texlive/texmf-dist/tex/latex/base/bk11.clo
File: bk11.clo 2019/12/20 v1.4l Standard LaTeX file (size option)
)
\c@part=\count167
\c@chapter=\count168
\c@section=\count169
\c@subsection=\count170
\c@subsubsection=\count171
\c@paragraph=\count172
\c@subparagraph=\count173
\c@figure=\count174
\c@table=\count175
\abovecaptionskip=\skip47
\belowcaptionskip=\skip48
\bibindent=\dimen134
)
(/usr/share/texlive/texmf-dist/tex/latex/geometry/geometry.sty
Package: geometry 2020/01/02 v5.9 Page Geometry

(/usr/share/texlive/texmf-dist/tex/latex/graphics/keyval.sty
Package: keyval 2014/10/28 v1.15 key=value parser (DPC)
\KV@toks@=\toks14
)
(/usr/share/texlive/texmf-dist/tex/generic/iftex/ifvtex.sty
Package: ifvtex 2019/10/25 v1.7 ifvtex legacy package. Use iftex instead.

(/usr/share/texlive/texmf-dist/tex/generic/iftex/iftex.sty
Package: iftex 2019/11/07 v1.0c TeX engine tests
))
\Gm@cnth=\count176
\Gm@cntv=\count177
\c@Gm@tempcnt=\count178
\Gm@bindingoffset=\dimen135
\Gm@wd@mp=\dimen136
\Gm@odd@mp=\dimen137
\Gm@even@mp=\dimen138
\Gm@layoutwidth=\dimen139
\Gm@layoutheight=\dimen140
\Gm@layouthoffset=\dimen141
\Gm@layoutvoffset=\dimen142
\Gm@dimlist=\toks15
)
(/usr/share/texlive/texmf-dist/tex/latex/amsmath/amsmath.sty
Package: amsmath 2020/01/20 v2.17e AMS math features
\@mathmargin=\skip49

For additional information on amsmath, use the `?' option.
(/usr/share/texlive/texmf-dist/tex/latex/amsmath/amstext.sty
Package: amstext 2000/06/29 v2.01 AMS text

(/usr/share/texlive/texmf-dist/tex/latex/amsmath/amsgen.sty
File: amsgen.sty 1999/11/30 v2.0 generic functions
\@emptytoks=\toks16
\ex@=\dimen143
))
(/usr/share/texlive/texmf-dist/tex/latex/amsmath/amsbsy.sty
Package: amsbsy 1999/11/29 v1.2d Bold Symbols
\pmbraise@=\dimen144
)
(/usr/share/texlive/texmf-dist/tex/latex/amsmath/amsopn.sty
Package: amsopn 2016/03/08 v2.02 operator names
)
\inf@bad=\count179
LaTeX Info: Redefining \frac on input line 227.
\uproot@=\count180
\leftroot@=\count181
LaTeX Info: Redefining \overline on input line 389.
\classnum@=\count182
\DOTSCASE@=\count183
LaTeX Info: Redefining \ldots on input line 486.
LaTeX Info: Redefining \dots on input line 489.
LaTeX Info: Redefining \cdots on input line 610.
\Mathstrutbox@=\box45
\strutbox@=\box46
\big@size=\dimen145
LaTeX Font Info:    Redeclaring font encoding OML on input line 733.
LaTeX Font Info:    Redeclaring font encoding OMS on input line 734.
\macc@depth=\count184
\c@MaxMatrixCols=\count185
\dotsspace@=\muskip16
\c@parentequation=\count186
\dspbrk@lvl=\count187
\tag@help=\toks17
\row@=\count188
\column@=\count189
\maxfields@=\count190
\andhelp@=\toks18
\eqnshift@=\dimen146
\alignsep@=\dimen147
\tagshift@=\dimen148
\tagwidth@=\dimen149
\totwidth@=\dimen150
\lineht@=\dimen151
\@envbody=\toks19
\multlinegap=\skip50
\multlinetaggap=\skip51
\mathdisplay@stack=\toks20
LaTeX Info: Redefining \[ on input line 2859.
LaTeX Info: Redefining \] on input line 2860.
)
(/usr/share/texlive/texmf-dist/tex/latex/amsfonts/amssymb.sty
Package: amssymb 2013/01/14 v3.01 AMS font symbols

(/usr/share/texlive/texmf-dist/tex/latex/amsfonts/amsfonts.sty
Package: amsfonts 2013/01/14 v3.01 Basic AMSFonts support
\symAMSa=\mathgroup4
\symAMSb=\mathgroup5
LaTeX Font Info:    Redeclaring math symbol \hbar on input line 98.
LaTeX Font Info:    Overwriting math alphabet `\mathfrak' in version `bold'
(Font)                  U/euf/m/n --> U/euf/b/n on input line 106.
))
(/usr/share/texlive/texmf-dist/tex/latex/graphics/graphicx.sty
Package: graphicx 2019/11/30 v1.2a Enhanced LaTeX Graphics (DPC,SPQR)

(/usr/share/texlive/texmf-dist/tex/latex/graphics/graphics.sty
Package: graphics 2019/11/30 v1.4a Standard LaTeX Graphics (DPC,SPQR)

(/usr/share/texlive/texmf-dist/tex/latex/graphics/trig.sty
Package: trig 2016/01/03 v1.10 sin cos tan (DPC)
)
(/usr/share/texlive/texmf-dist/tex/latex/graphics-cfg/graphics.cfg
File: graphics.cfg 2016/06/04 v1.11 sample graphics configuration
)
Package graphics Info: Driver file: pdftex.def on input line 105.

(/usr/share/texlive/texmf-dist/tex/latex/graphics-def/pdftex.def
File: pdftex.def 2018/01/08 v1.0l Graphics/color driver for pdftex
))
\Gin@req@height=\dimen152
\Gin@req@width=\dimen153
)
(/usr/share/texlive/texmf-dist/tex/latex/graphics/color.sty
Package: color 2019/11/23 v1.2a Standard LaTeX Color (DPC)

(/usr/share/texlive/texmf-dist/tex/latex/graphics-cfg/color.cfg
File: color.cfg 2016/01/02 v1.6 sample color configuration
)
Package color Info: Driver file: pdftex.def on input line 147.
)
(/usr/share/texlive/texmf-dist/tex/latex/listings/listings.sty
\lst@mode=\count191
\lst@gtempboxa=\box47
\lst@token=\toks21
\lst@length=\count192
\lst@currlwidth=\dimen154
\lst@column=\count193
\lst@pos=\count194
\lst@lostspace=\dimen155
\lst@width=\dimen156
\lst@newlines=\count195
\lst@lineno=\count196
\lst@maxwidth=\dimen157

(/usr/share/texlive/texmf-dist/tex/latex/listings/lstmisc.sty
File: lstmisc.sty 2019/09/10 1.8c (Carsten Heinz)
\c@lstnumber=\count197
\lst@skipnumbers=\count198
\lst@framebox=\box48
)
(/usr/share/texlive/texmf-dist/tex/latex/listings/listings.cfg
File: listings.cfg 2019/09/10 1.8c listings configuration
))
Package: listings 2019/09/10 1.8c (Carsten Heinz)

(/usr/share/texlive/texmf-dist/tex/latex/hyperref/hyperref.sty
Package: hyperref 2020/01/14 v7.00d Hypertext links for LaTeX

(/usr/share/texlive/texmf-dist/tex/generic/ltxcmds/ltxcmds.sty
Package: ltxcmds 2019/12/15 v1.24 LaTeX kernel commands for general use (HO)
)
(/usr/share/texlive/texmf-dist/tex/latex/pdftexcmds/pdftexcmds.sty
Package: pdftexcmds 2019/11/24 v0.31 Utility functions of pdfTeX for LuaTeX (HO
)

(/usr/share/texlive/texmf-dist/tex/generic/infwarerr/infwarerr.sty
Package: infwarerr 2019/12/03 v1.5 Providing info/warning/error messages (HO)
)
Package pdftexcmds Info: \pdf@primitive is available.
Package pdftexcmds Info: \pdf@ifprimitive is available.
Package pdftexcmds Info: \pdfdraftmode found.
)
(/usr/share/texlive/texmf-dist/tex/generic/kvsetkeys/kvsetkeys.sty
Package: kvsetkeys 2019/12/15 v1.18 Key value parser (HO)
)
(/usr/share/texlive/texmf-dist/tex/generic/kvdefinekeys/kvdefinekeys.sty
Package: kvdefinekeys 2019-12-19 v1.6 Define keys (HO)
)
(/usr/share/texlive/texmf-dist/tex/generic/pdfescape/pdfescape.sty
Package: pdfescape 2019/12/09 v1.15 Implements pdfTeX's escape features (HO)
)
(/usr/share/texlive/texmf-dist/tex/latex/hycolor/hycolor.sty
Package: hycolor 2020-01-27 v1.10 Color options for hyperref/bookmark (HO)
)
(/usr/share/texlive/texmf-dist/tex/latex/letltxmacro/letltxmacro.sty
Package: letltxmacro 2019/12/03 v1.6 Let assignment for LaTeX macros (HO)
)
(/usr/share/texlive/texmf-dist/tex/latex/auxhook/auxhook.sty
Package: auxhook 2019-12-17 v1.6 Hooks for auxiliary files (HO)
)
(/usr/share/texlive/texmf-dist/tex/latex/kvoptions/kvoptions.sty
Package: kvoptions 2019/11/29 v3.13 Key value format for package options (HO)
)
\@linkdim=\dimen158
\Hy@linkcounter=\count199
\Hy@pagecounter=\count266

(/usr/share/texlive/texmf-dist/tex/latex/hyperref/pd1enc.def
File: pd1enc.def 2020/01/14 v7.00d Hyperref: PDFDocEncoding definition (HO)
Now handling font encoding PD1 ...
... no UTF-8 mapping file for font encoding PD1
)
(/usr/share/texlive/texmf-dist/tex/generic/intcalc/intcalc.sty
Package: intcalc 2019/12/15 v1.3 Expandable calculations with integers (HO)
)
(/usr/share/texlive/texmf-dist/tex/generic/etexcmds/etexcmds.sty
Package: etexcmds 2019/12/15 v1.7 Avoid name clashes with e-TeX commands (HO)
)
\Hy@SavedSpaceFactor=\count267
\pdfmajorversion=\count268
Package hyperref Info: Hyper figures OFF on input line 4547.
Package hyperref Info: Link nesting OFF on input line 4552.
Package hyperref Info: Hyper index ON on input line 4555.
Package hyperref Info: Plain pages OFF on input line 4562.
Package hyperref Info: Backreferencing OFF on input line 4567.
Package hyperref Info: Implicit mode ON; LaTeX internals redefined.
Package hyperref Info: Bookmarks ON on input line 4800.
\c@Hy@tempcnt=\count269

(/usr/share/texlive/texmf-dist/tex/latex/url/url.sty
\Urlmuskip=\muskip17
Package: url 2013/09/16  ver 3.4  Verb mode for urls, etc.
)
LaTeX Info: Redefining \url on input line 5159.
\XeTeXLinkMargin=\dimen159

(/usr/share/texlive/texmf-dist/tex/generic/bitset/bitset.sty
Package: bitset 2019/12/09 v1.3 Handle bit-vector datatype (HO)

(/usr/share/texlive/texmf-dist/tex/generic/bigintcalc/bigintcalc.sty
Package: bigintcalc 2019/12/15 v1.5 Expandable calculations on big integers (HO
)
))
\Fld@menulength=\count270
\Field@Width=\dimen160
\Fld@charsize=\dimen161
Package hyperref Info: Hyper figures OFF on input line 6430.
Package hyperref Info: Link nesting OFF on input line 6435.
Package hyperref Info: Hyper index ON on input line 6438.
Package hyperref Info: backreferencing OFF on input line 6445.
Package hyperref Info: Link coloring OFF on input line 6450.
Package hyperref Info: Link coloring with OCG OFF on input line 6455.
Package hyperref Info: PDF/A mode OFF on input line 6460.
LaTeX Info: Redefining \ref on input line 6500.
LaTeX Info: Redefining \pageref on input line 6504.

(/usr/share/texlive/texmf-dist/tex/generic/atbegshi/atbegshi.sty
Package: atbegshi 2019/12/05 v1.19 At begin shipout hook (HO)
)
\Hy@abspage=\count271
\c@Item=\count272
\c@Hfootnote=\count273
)
Package hyperref Info: Driver (autodetected): hpdftex.

(/usr/share/texlive/texmf-dist/tex/latex/hyperref/hpdftex.def
File: hpdftex.def 2020/01/14 v7.00d Hyperref driver for pdfTeX

(/usr/share/texlive/texmf-dist/tex/latex/atveryend/atveryend.sty
Package: atveryend 2019-12-11 v1.11 Hooks at the very end of document (HO)
Package atveryend Info: \enddocument detected (standard20110627).
)
\Fld@listcount=\count274
\c@bookmark@seq@number=\count275

(/usr/share/texlive/texmf-dist/tex/latex/rerunfilecheck/rerunfilecheck.sty
Package: rerunfilecheck 2019/12/05 v1.9 Rerun checks for auxiliary files (HO)

(/usr/share/texlive/texmf-dist/tex/generic/uniquecounter/uniquecounter.sty
Package: uniquecounter 2019/12/15 v1.4 Provide unlimited unique counter (HO)
)
Package uniquecounter Info: New unique counter `rerunfilecheck' on input line 2
86.
)
\Hy@SectionHShift=\skip52
)
(/usr/share/texlive/texmf-dist/tex/latex/tools/afterpage.sty
Package: afterpage 2014/10/28 v1.08 After-Page Package (DPC)
\AP@output=\toks22
\AP@partial=\box49
\AP@footins=\box50
)
(/usr/share/texlive/texmf-dist/tex/latex/fancyhdr/fancyhdr.sty
Package: fancyhdr 2019/01/31 v3.10 Extensive control of page headers and footer
s
\f@nch@headwidth=\skip53
\f@nch@O@elh=\skip54
\f@nch@O@erh=\skip55
\f@nch@O@olh=\skip56
\f@nch@O@orh=\skip57
\f@nch@O@elf=\skip58
\f@nch@O@erf=\skip59
\f@nch@O@olf=\skip60
\f@nch@O@orf=\skip61
)
(/usr/share/texlive/texmf-dist/tex/latex/lastpage/lastpage.sty
Package: lastpage 2015/03/29 v1.2m Refers to last page's name (HMM; JPG)
)
(/usr/share/texlive/texmf-dist/tex/latex/setspace/setspace.sty
Package: setspace 2011/12/19 v6.7a set line spacing
)
(/usr/share/texlive/texmf-dist/tex/latex/appendix/appendix.sty
Package: appendix 2020/02/08 v1.2c extra appendix facilities
\c@@pps=\count276
\c@@ppsavesec=\count277
\c@@ppsaveapp=\count278
)
(/usr/share/texlive/texmf-dist/tex/latex/multirow/multirow.sty
Package: multirow 2019/05/31 v2.5 Span multiple rows of a table
\multirow@colwidth=\skip62
\multirow@cntb=\count279
\multirow@dima=\skip63
\bigstrutjot=\dimen162
)
(/usr/share/texlive/texmf-dist/tex/latex/xcolor/xcolor.sty
Package: xcolor 2016/05/11 v2.12 LaTeX color extensions (UK)

(/usr/share/texlive/texmf-dist/tex/latex/graphics-cfg/color.cfg
File: color.cfg 2016/01/02 v1.6 sample color configuration
)
Package xcolor Info: Driver file: pdftex.def on input line 225.

(/usr/share/texlive/texmf-dist/tex/latex/colortbl/colortbl.sty
Package: colortbl 2020/01/04 v1.0e Color table columns (DPC)

(/usr/share/texlive/texmf-dist/tex/latex/tools/array.sty
Package: array 2019/08/31 v2.4l Tabular extension package (FMi)
\col@sep=\dimen163
\ar@mcellbox=\box51
\extrarowheight=\dimen164
\NC@list=\toks23
\extratabsurround=\skip64
\backup@length=\skip65
\ar@cellbox=\box52
)
\everycr=\toks24
\minrowclearance=\skip66
)
LaTeX Info: Redefining \color on input line 709.
\rownum=\count280
Package xcolor Info: Model `cmy' substituted by `cmy0' on input line 1348.
Package xcolor Info: Model `hsb' substituted by `rgb' on input line 1352.
Package xcolor Info: Model `RGB' extended on input line 1364.
Package xcolor Info: Model `HTML' substituted by `rgb' on input line 1366.
Package xcolor Info: Model `Hsb' substituted by `hsb' on input line 1367.
Package xcolor Info: Model `tHsb' substituted by `hsb' on input line 1368.
Package xcolor Info: Model `HSB' substituted by `hsb' on input line 1369.
Package xcolor Info: Model `Gray' substituted by `gray' on input line 1370.
Package xcolor Info: Model `wave' substituted by `hsb' on input line 1371.
)
(/usr/share/texlive/texmf-dist/tex/latex/tocbibind/tocbibind.sty
Package: tocbibind 2010/10/13 v1.5k extra ToC listings
Package tocbibind Info: The document has chapter divisions on input line 50.


Package tocbibind Note: Using chapter style headings, unless overridden.

) (/usr/share/texlive/texmf-dist/tex/latex/makecell/makecell.sty
Package: makecell 2009/08/03 V0.1e Managing of Tab Column Heads and Cells
\rotheadsize=\dimen165
\c@nlinenum=\count281
\TeXr@lab=\toks25
)
(/usr/share/texlive/texmf-dist/tex/latex/graphics/rotating.sty
Package: rotating 2016/08/11 v2.16d rotated objects in LaTeX

(/usr/share/texlive/texmf-dist/tex/latex/base/ifthen.sty
Package: ifthen 2014/09/29 v1.1c Standard LaTeX ifthen package (DPC)
)
\c@r@tfl@t=\count282
\rotFPtop=\skip67
\rotFPbot=\skip68
\rot@float@box=\box53
\rot@mess@toks=\toks26
)
Package hyperref Info: Option `colorlinks' set `true' on input line 33.

(/usr/share/texlive/texmf-dist/tex/latex/l3backend/l3backend-pdfmode.def
File: l3backend-pdfmode.def 2020-02-03 L3 backend support: PDF mode
\l__kernel_color_stack_int=\count283
\l__pdf_internal_box=\box54
)
(./report.aux)
\openout1 = `report.aux'.

LaTeX Font Info:    Checking defaults for OML/cmm/m/it on input line 113.
LaTeX Font Info:    ... okay on input line 113.
LaTeX Font Info:    Checking defaults for OMS/cmsy/m/n on input line 113.
LaTeX Font Info:    ... okay on input line 113.
LaTeX Font Info:    Checking defaults for OT1/cmr/m/n on input line 113.
LaTeX Font Info:    ... okay on input line 113.
LaTeX Font Info:    Checking defaults for T1/cmr/m/n on input line 113.
LaTeX Font Info:    ... okay on input line 113.
LaTeX Font Info:    Checking defaults for TS1/cmr/m/n on input line 113.
LaTeX Font Info:    ... okay on input line 113.
LaTeX Font Info:    Checking defaults for OMX/cmex/m/n on input line 113.
LaTeX Font Info:    ... okay on input line 113.
LaTeX Font Info:    Checking defaults for U/cmr/m/n on input line 113.
LaTeX Font Info:    ... okay on input line 113.
LaTeX Font Info:    Checking defaults for PD1/pdf/m/n on input line 113.
LaTeX Font Info:    ... okay on input line 113.

*geometry* driver: auto-detecting
*geometry* detected driver: pdftex
*geometry* verbose mode - [ preamble ] result:
* driver: pdftex
* paper: <default>
* layout: <same size as paper>
* layoutoffset:(h,v)=(0.0pt,0.0pt)
* modes: twoside 
* h-part:(L,W,R)=(85.35826pt, 472.03123pt, 56.9055pt)
* v-part:(T,H,B)=(56.9055pt, 652.70622pt, 85.35826pt)
* \paperwidth=614.295pt
* \paperheight=794.96999pt
* \textwidth=472.03123pt
* \textheight=652.70622pt
* \oddsidemargin=13.08827pt
* \evensidemargin=-15.36449pt
* \topmargin=-47.23828pt
* \headheight=12.0pt
* \headsep=19.8738pt
* \topskip=11.0pt
* \footskip=27.46295pt
* \marginparwidth=116.0pt
* \marginparsep=7.0pt
* \columnsep=10.0pt
* \skip\footins=10.0pt plus 4.0pt minus 2.0pt
* \hoffset=0.0pt
* \voffset=0.0pt
* \mag=1000
* \@twocolumnfalse
* \@twosidetrue
* \@mparswitchtrue
* \@reversemarginfalse
* (1in=72.27pt=25.4mm, 1cm=28.453pt)

(/usr/share/texlive/texmf-dist/tex/context/base/mkii/supp-pdf.mkii
[Loading MPS to PDF converter (version 2006.09.02).]
\scratchcounter=\count284
\scratchdimen=\dimen166
\scratchbox=\box55
\nofMPsegments=\count285
\nofMParguments=\count286
\everyMPshowfont=\toks27
\MPscratchCnt=\count287
\MPscratchDim=\dimen167
\MPnumerator=\count288
\makeMPintoPDFobject=\count289
\everyMPtoPDFconversion=\toks28
) (/usr/share/texlive/texmf-dist/tex/latex/epstopdf-pkg/epstopdf-base.sty
Package: epstopdf-base 2020-01-24 v2.11 Base part for package epstopdf
Package epstopdf-base Info: Redefining graphics rule for `.eps' on input line 4
85.

(/usr/share/texlive/texmf-dist/tex/latex/latexconfig/epstopdf-sys.cfg
File: epstopdf-sys.cfg 2010/07/13 v1.3 Configuration of (r)epstopdf for TeX Liv
e
))
\c@lstlisting=\count290
\AtBeginShipoutBox=\box56
Package hyperref Info: Link coloring ON on input line 113.

(/usr/share/texlive/texmf-dist/tex/latex/hyperref/nameref.sty
Package: nameref 2019/09/16 v2.46 Cross-referencing by name of section

(/usr/share/texlive/texmf-dist/tex/latex/refcount/refcount.sty
Package: refcount 2019/12/15 v3.6 Data extraction from label references (HO)
)
(/usr/share/texlive/texmf-dist/tex/generic/gettitlestring/gettitlestring.sty
Package: gettitlestring 2019/12/15 v1.6 Cleanup title references (HO)
)
\c@section@level=\count291
)
LaTeX Info: Redefining \ref on input line 113.
LaTeX Info: Redefining \pageref on input line 113.
LaTeX Info: Redefining \nameref on input line 113.

(./report.out) (./report.out)
\@outlinefile=\write3
\openout3 = `report.out'.

Package lastpage Info: Please have a look at the pageslts package at
(lastpage)             https://www.ctan.org/pkg/pageslts
(lastpage)             ! on input line 113.
 (./titlepage.tex
<./images//graphics/liverpool.jpg, id=554, 224.037pt x 64.386pt>
File: ./images//graphics/liverpool.jpg Graphic file (type jpg)
<use ./images//graphics/liverpool.jpg>
Package pdftex.def Info: ./images//graphics/liverpool.jpg  used on input line 6
.
(pdftex.def)             Requested size: 224.03644pt x 64.38583pt.
LaTeX Font Info:    Trying to load font information for U+msa on input line 27.


(/usr/share/texlive/texmf-dist/tex/latex/amsfonts/umsa.fd
File: umsa.fd 2013/01/14 v3.01 AMS symbols A
)
LaTeX Font Info:    Trying to load font information for U+msb on input line 27.


(/usr/share/texlive/texmf-dist/tex/latex/amsfonts/umsb.fd
File: umsb.fd 2013/01/14 v3.01 AMS symbols B
) [1


{/var/lib/texmf/fonts/map/pdftex/updmap/pdftex.map} <./images//graphics/liverpo
ol.jpg>])
(./acknowledgement.tex) (./abstract.tex [1])

Package Fancyhdr Warning: \headheight is too small (12.0pt): 
Make it at least 13.59999pt.
We now make it that large for the rest of the document.
This may cause the page layout to be inconsistent, however.

[2] (./report.toc [3

] [4] [5])
\tf@toc=\write4
\openout4 = `report.toc'.

 [6] (./report.lof [7

])
\tf@lof=\write5
\openout5 = `report.lof'.

 [8] (./report.lot)
\tf@lot=\write6
\openout6 = `report.lot'.


[9

] (./sections/introduction.tex [0

]
Chapter 1.
pdfTeX warning (ext4): destination with the same identifier (name{page.1}) has 
been already used, duplicate ignored
<to be read again> 
                   \relax 
l.29 \end{enumerate}
                     [1]) (./sections/literature_review.tex [2]
Chapter 2.
[3

]) (./sections/microcontroller_cpu.tex [4]
Chapter 3.
<./images//block_diagrams/CPU Block Diagram Overview.png, id=996, 465.74pt x 23
4.8775pt>
File: ./images//block_diagrams/CPU Block Diagram Overview.png Graphic file (typ
e png)
<use ./images//block_diagrams/CPU Block Diagram Overview.png>
Package pdftex.def Info: ./images//block_diagrams/CPU Block Diagram Overview.pn
g  used on input line 10.
(pdftex.def)             Requested size: 232.86943pt x 117.43846pt.
[5

 <./images//block_diagrams/CPU Block Diagram Overview.png>]
<./images//graphics/CPU Flow Diagram.png, id=1007, 293.095pt x 288.07625pt>
File: ./images//graphics/CPU Flow Diagram.png Graphic file (type png)
<use ./images//graphics/CPU Flow Diagram.png>
Package pdftex.def Info: ./images//graphics/CPU Flow Diagram.png  used on input
 line 26.
(pdftex.def)             Requested size: 234.4763pt x 230.4613pt.
<./images//graphics/instruction_formats.png, id=1009, 1112.155pt x 346.29375pt>

File: ./images//graphics/instruction_formats.png Graphic file (type png)
<use ./images//graphics/instruction_formats.png>
Package pdftex.def Info: ./images//graphics/instruction_formats.png  used on in
put line 35.
(pdftex.def)             Requested size: 444.85413pt x 138.51503pt.


LaTeX Warning: `!h' float specifier changed to `!ht'.


LaTeX Warning: `!h' float specifier changed to `!ht'.

[6 <./images//graphics/CPU Flow Diagram.png>]

LaTeX Warning: `!h' float specifier changed to `!ht'.


LaTeX Warning: `!h' float specifier changed to `!ht'.

[7 <./images//graphics/instruction_formats.png>] [8]
<./images//block_diagrams/pc_block_diagram.png, id=1035, 259.97125pt x 200.75pt
>
File: ./images//block_diagrams/pc_block_diagram.png Graphic file (type png)
<use ./images//block_diagrams/pc_block_diagram.png>
Package pdftex.def Info: ./images//block_diagrams/pc_block_diagram.png  used on
 input line 192.
(pdftex.def)             Requested size: 259.97061pt x 200.7495pt.

Overfull \hbox (4.30527pt too wide) in paragraph at lines 189--193
\OT1/cmr/m/n/10.95 The source code for Pro-gram Counter can be ac-cessed us-ing
 [][]$\OT1/cmtt/m/n/10.95 https : / / github . com / kaung-[]minkhant /
 []

[9]
Underfull \vbox (badness 2856) has occurred while \output is active []

 [10 <./images//block_diagrams/pc_block_diagram.png>]
<./images//block_diagrams/im_block_diagram.png, id=1052, 301.125pt x 141.52875p
t>
File: ./images//block_diagrams/im_block_diagram.png Graphic file (type png)
<use ./images//block_diagrams/im_block_diagram.png>
Package pdftex.def Info: ./images//block_diagrams/im_block_diagram.png  used on
 input line 234.
(pdftex.def)             Requested size: 301.12425pt x 141.5284pt.

Overfull \hbox (4.30527pt too wide) in paragraph at lines 231--235
\OT1/cmr/m/n/10.95 The source code for Pro-gram Counter can be ac-cessed us-ing
 [][]$\OT1/cmtt/m/n/10.95 https : / / github . com / kaung-[]minkhant /
 []

[11 <./images//block_diagrams/im_block_diagram.png>]
<./images//block_diagrams/rf_block_diagram.png, id=1064, 272.01625pt x 220.825p
t>
File: ./images//block_diagrams/rf_block_diagram.png Graphic file (type png)
<use ./images//block_diagrams/rf_block_diagram.png>
Package pdftex.def Info: ./images//block_diagrams/rf_block_diagram.png  used on
 input line 269.
(pdftex.def)             Requested size: 217.61328pt x 176.66022pt.
 [12 <./images//block_diagrams/rf_block_diagram.png>]
<./images//block_diagrams/ig_block_diagram.png, id=1074, 234.8775pt x 100.375pt
>
File: ./images//block_diagrams/ig_block_diagram.png Graphic file (type png)
<use ./images//block_diagrams/ig_block_diagram.png>
Package pdftex.def Info: ./images//block_diagrams/ig_block_diagram.png  used on
 input line 313.
(pdftex.def)             Requested size: 234.87692pt x 100.37474pt.

Overfull \hbox (23.05719pt too wide) in paragraph at lines 310--314
\OT1/cmr/m/n/10.95 The source code for Im-me-di-ate Gen-er-a-tor can be ac-cess
ed us-ing [][]$\OT1/cmtt/m/n/10.95 https : / / github . com / kaung-[]minkhant 
/
 []

[13 <./images//block_diagrams/ig_block_diagram.png>]
<./images//block_diagrams/alu_block_diagram.png, id=1086, 261.97874pt x 182.682
5pt>
File: ./images//block_diagrams/alu_block_diagram.png Graphic file (type png)
<use ./images//block_diagrams/alu_block_diagram.png>
Package pdftex.def Info: ./images//block_diagrams/alu_block_diagram.png  used o
n input line 343.
(pdftex.def)             Requested size: 261.9781pt x 182.68204pt.

Overfull \hbox (25.84033pt too wide) in paragraph at lines 340--344
\OT1/cmr/m/n/10.95 The source code for Arith-metic Logic Unit can be ac-cessed 
us-ing [][]$\OT1/cmtt/m/n/10.95 https : / / github . com / kaung-[]minkhant /
 []

[14 <./images//block_diagrams/alu_block_diagram.png>]
<./images//block_diagrams/dm_block_diagram.png, id=1100, 273.02pt x 226.8475pt>

File: ./images//block_diagrams/dm_block_diagram.png Graphic file (type png)
<use ./images//block_diagrams/dm_block_diagram.png>
Package pdftex.def Info: ./images//block_diagrams/dm_block_diagram.png  used on
 input line 403.
(pdftex.def)             Requested size: 218.41629pt x 181.47824pt.


LaTeX Warning: `!h' float specifier changed to `!ht'.

[15 <./images//block_diagrams/dm_block_diagram.png>]
Underfull \vbox (badness 10000) has occurred while \output is active []

 [16]
<./images//block_diagrams/bh_block_diagram.png, id=1116, 281.05pt x 217.81375pt
>
File: ./images//block_diagrams/bh_block_diagram.png Graphic file (type png)
<use ./images//block_diagrams/bh_block_diagram.png>
Package pdftex.def Info: ./images//block_diagrams/bh_block_diagram.png  used on
 input line 461.
(pdftex.def)             Requested size: 224.84029pt x 174.25122pt.

Overfull \hbox (19.20944pt too wide) in paragraph at lines 458--462
\OT1/cmr/m/n/10.95 The source code for Branch-ing Hard-ware can be ac-cessed us
-ing [][]$\OT1/cmtt/m/n/10.95 https : / / github . com / kaung-[]minkhant /
 []

[17 <./images//block_diagrams/bh_block_diagram.png>]
<./images//block_diagrams/cu_block_diagram.png, id=1127, 274.02374pt x 81.30376
pt>
File: ./images//block_diagrams/cu_block_diagram.png Graphic file (type png)
<use ./images//block_diagrams/cu_block_diagram.png>
Package pdftex.def Info: ./images//block_diagrams/cu_block_diagram.png  used on
 input line 500.
(pdftex.def)             Requested size: 274.02307pt x 81.30354pt.


LaTeX Warning: `!h' float specifier changed to `!ht'.


LaTeX Warning: `!h' float specifier changed to `!ht'.

[18 <./images//block_diagrams/cu_block_diagram.png>]
<./images//block_diagrams/cd_block_diagram.png, id=1140, 274.02374pt x 81.30376
pt>
File: ./images//block_diagrams/cd_block_diagram.png Graphic file (type png)
<use ./images//block_diagrams/cd_block_diagram.png>
Package pdftex.def Info: ./images//block_diagrams/cd_block_diagram.png  used on
 input line 571.
(pdftex.def)             Requested size: 274.02307pt x 81.30354pt.


LaTeX Warning: `!h' float specifier changed to `!ht'.

[19 <./images//block_diagrams/cd_block_diagram.png>] (./sections/pipeline.tex
[20] [21]
<./images//graphics/pipeline_execution.png, id=1169, 557.08125pt x 171.64125pt>

File: ./images//graphics/pipeline_execution.png Graphic file (type png)
<use ./images//graphics/pipeline_execution.png>
Package pdftex.def Info: ./images//graphics/pipeline_execution.png  used on inp
ut line 54.
(pdftex.def)             Requested size: 278.53995pt x 85.8204pt.
<./images//graphics/sample_delay.png, id=1172, 1110.1475pt x 247.92625pt>
File: ./images//graphics/sample_delay.png Graphic file (type png)
<use ./images//graphics/sample_delay.png>
Package pdftex.def Info: ./images//graphics/sample_delay.png  used on input lin
e 64.
(pdftex.def)             Requested size: 444.05113pt x 99.16873pt.
<./images//graphics/performance_pipeline.png, id=1175, 932.48375pt x 636.3775pt
>
File: ./images//graphics/performance_pipeline.png Graphic file (type png)
<use ./images//graphics/performance_pipeline.png>
Package pdftex.def Info: ./images//graphics/performance_pipeline.png  used on i
nput line 69.
(pdftex.def)             Requested size: 466.24074pt x 318.18797pt.


LaTeX Warning: `!h' float specifier changed to `!ht'.

[22 <./images//graphics/pipeline_execution.png> <./images//graphics/sample_dela
y.png>]
<./images//block_diagrams/cpu_pipeline_block_diagram.png, id=1183, 569.12625pt 
x 178.6675pt>
File: ./images//block_diagrams/cpu_pipeline_block_diagram.png Graphic file (typ
e png)
<use ./images//block_diagrams/cpu_pipeline_block_diagram.png>
Package pdftex.def Info: ./images//block_diagrams/cpu_pipeline_block_diagram.pn
g  used on input line 73.
(pdftex.def)             Requested size: 455.30162pt x 142.93417pt.

Underfull \vbox (badness 3942) has occurred while \output is active []

 [23 <./images//graphics/performance_pipeline.png> <./images//block_diagrams/cp
u_pipeline_block_diagram.png>] [24]
<./images//block_diagrams/df_block_diagram.png, id=1208, 311.1625pt x 264.99pt>

File: ./images//block_diagrams/df_block_diagram.png Graphic file (type png)
<use ./images//block_diagrams/df_block_diagram.png>
Package pdftex.def Info: ./images//block_diagrams/df_block_diagram.png  used on
 input line 144.
(pdftex.def)             Requested size: 217.81226pt x 185.49173pt.
 [25 <./images//block_diagrams/df_block_diagram.png>]
Overfull \hbox (33.89328pt too wide) in paragraph at lines 147--149
[]\OT1/cmr/m/n/10.95 The im-ple-men-ta-tion al-go-rithm can be found on [][]$\O
T1/cmtt/m/n/10.95 https : / / github . com / kaung-[]minkhant / risc-[]v-[]deca
 /
 []

<./images//block_diagrams/dfb_block_diagram.png, id=1218, 311.1625pt x 264.99pt
>
File: ./images//block_diagrams/dfb_block_diagram.png Graphic file (type png)
<use ./images//block_diagrams/dfb_block_diagram.png>
Package pdftex.def Info: ./images//block_diagrams/dfb_block_diagram.png  used o
n input line 191.
(pdftex.def)             Requested size: 217.81226pt x 185.49173pt.
[26] [27 <./images//block_diagrams/dfb_block_diagram.png>]))
(./sections/peripherals.tex [28]
Chapter 4.
(./sections/uart.tex [29

]
<./images//block_diagrams/uart_module.png, id=1246, 283.65974pt x 162.6075pt>
File: ./images//block_diagrams/uart_module.png Graphic file (type png)
<use ./images//block_diagrams/uart_module.png>
Package pdftex.def Info: ./images//block_diagrams/uart_module.png  used on inpu
t line 12.
(pdftex.def)             Requested size: 283.65904pt x 162.6071pt.
 [30 <./images//block_diagrams/uart_module.png>]
<./images//graphics/uart_data_frame.jpg, id=1254, 1066.98625pt x 443.6575pt>
File: ./images//graphics/uart_data_frame.jpg Graphic file (type jpg)
<use ./images//graphics/uart_data_frame.jpg>
Package pdftex.def Info: ./images//graphics/uart_data_frame.jpg  used on input 
line 64.
(pdftex.def)             Requested size: 320.09834pt x 133.09827pt.


LaTeX Warning: `!h' float specifier changed to `!ht'.

[31] [32 <./images//graphics/uart_data_frame.jpg>] [33]) (./sections/i2c.tex

Package hyperref Warning: Token not allowed in a PDF string (PDFDocEncoding):
(hyperref)                removing `math shift' on input line 1.


Package hyperref Warning: Token not allowed in a PDF string (PDFDocEncoding):
(hyperref)                removing `superscript' on input line 1.


Package hyperref Warning: Token not allowed in a PDF string (PDFDocEncoding):
(hyperref)                removing `math shift' on input line 1.


Package hyperref Warning: Token not allowed in a PDF string (PDFDocEncoding):
(hyperref)                removing `math shift' on input line 3.


Package hyperref Warning: Token not allowed in a PDF string (PDFDocEncoding):
(hyperref)                removing `superscript' on input line 3.


Package hyperref Warning: Token not allowed in a PDF string (PDFDocEncoding):
(hyperref)                removing `math shift' on input line 3.

<./images//block_diagrams/i2c_module.png, id=1280, 227.04825pt x 157.7895pt>
File: ./images//block_diagrams/i2c_module.png Graphic file (type png)
<use ./images//block_diagrams/i2c_module.png>
Package pdftex.def Info: ./images//block_diagrams/i2c_module.png  used on input
 line 13.
(pdftex.def)             Requested size: 227.04768pt x 157.78911pt.

LaTeX Warning: `!h' float specifier changed to `!ht'.

[34 <./images//block_diagrams/i2c_module.png>] [35]

Package hyperref Warning: Token not allowed in a PDF string (PDFDocEncoding):
(hyperref)                removing `math shift' on input line 59.


Package hyperref Warning: Token not allowed in a PDF string (PDFDocEncoding):
(hyperref)                removing `superscript' on input line 59.


Package hyperref Warning: Token not allowed in a PDF string (PDFDocEncoding):
(hyperref)                removing `math shift' on input line 59.

<./images//graphics/i2c_transactions.png, id=1295, 576.1525pt x 402.50375pt>
File: ./images//graphics/i2c_transactions.png Graphic file (type png)
<use ./images//graphics/i2c_transactions.png>
Package pdftex.def Info: ./images//graphics/i2c_transactions.png  used on input
 line 62.
(pdftex.def)             Requested size: 288.07553pt x 201.25137pt.
<./images//graphics/i2c_data_frame.jpg, id=1297, 742.5pt x 165.825pt>
File: ./images//graphics/i2c_data_frame.jpg Graphic file (type jpg)
<use ./images//graphics/i2c_data_frame.jpg>
Package pdftex.def Info: ./images//graphics/i2c_data_frame.jpg  used on input l
ine 67.
(pdftex.def)             Requested size: 445.50343pt x 99.49574pt.
[36 <./images//graphics/i2c_transactions.png> <./images//graphics/i2c_data_fram
e.jpg>]

Package hyperref Warning: Token not allowed in a PDF string (PDFDocEncoding):
(hyperref)                removing `math shift' on input line 72.


Package hyperref Warning: Token not allowed in a PDF string (PDFDocEncoding):
(hyperref)                removing `superscript' on input line 72.


Package hyperref Warning: Token not allowed in a PDF string (PDFDocEncoding):
(hyperref)                removing `math shift' on input line 72.

<./images//state_machine/i2c_state_machine.jpg, id=1304, 566.115pt x 678.28406p
t>
File: ./images//state_machine/i2c_state_machine.jpg Graphic file (type jpg)
<use ./images//state_machine/i2c_state_machine.jpg>
Package pdftex.def Info: ./images//state_machine/i2c_state_machine.jpg  used on
 input line 75.
(pdftex.def)             Requested size: 339.67162pt x 406.97357pt.
[37 <./images//state_machine/i2c_state_machine.jpg>]
<./images//graphics/clock_cycle_division.png, id=1314, 317.185pt x 329.23pt>
File: ./images//graphics/clock_cycle_division.png Graphic file (type png)
<use ./images//graphics/clock_cycle_division.png>
Package pdftex.def Info: ./images//graphics/clock_cycle_division.png  used on i
nput line 94.
(pdftex.def)             Requested size: 190.31245pt x 197.53952pt.


LaTeX Warning: `!h' float specifier changed to `!ht'.

[38]
<./images//codes/sda_mux.png, id=1325, 387.24675pt x 164.41425pt>
File: ./images//codes/sda_mux.png Graphic file (type png)
<use ./images//codes/sda_mux.png>
Package pdftex.def Info: ./images//codes/sda_mux.png  used on input line 104.
(pdftex.def)             Requested size: 387.24579pt x 164.41383pt.
 [39 <./images//graphics/clock_cycle_division.png> <./images//codes/sda_mux.png
>]
<./images//codes/ack_check.png, id=1336, 551.661pt x 404.10976pt>
File: ./images//codes/ack_check.png Graphic file (type png)
<use ./images//codes/ack_check.png>
Package pdftex.def Info: ./images//codes/ack_check.png  used on input line 110.

(pdftex.def)             Requested size: 441.32939pt x 323.28824pt.
 [40 <./images//codes/ack_check.png>]) (./sections/spi.tex
Underfull \hbox (badness 1622) in paragraph at lines 16--17
[]|\OT1/cmr/m/n/10.95 Data sam-pled on ris-ing edge and
 []

<./images//block_diagrams/spi_module.png, id=1347, 392.06474pt x 166.82326pt>
File: ./images//block_diagrams/spi_module.png Graphic file (type png)
<use ./images//block_diagrams/spi_module.png>
Package pdftex.def Info: ./images//block_diagrams/spi_module.png  used on input
 line 39.
(pdftex.def)             Requested size: 313.65222pt x 133.45877pt.
[41] [42 <./images//block_diagrams/spi_module.png>]
<./images//waveforms/spi_mode0.png, id=1360, 561.89925pt x 187.902pt>
File: ./images//waveforms/spi_mode0.png Graphic file (type png)
<use ./images//waveforms/spi_mode0.png>
Package pdftex.def Info: ./images//waveforms/spi_mode0.png  used on input line 
83.
(pdftex.def)             Requested size: 451.68915pt x 151.05292pt.
 [43 <./images//waveforms/spi_mode0.png>] [44]
<./images//codes/mosi.png, id=1378, 599.841pt x 287.27325pt>
File: ./images//codes/mosi.png Graphic file (type png)
<use ./images//codes/mosi.png>
Package pdftex.def Info: ./images//codes/mosi.png  used on input line 108.
(pdftex.def)             Requested size: 419.88583pt x 201.0899pt.
<./images//codes/miso.png, id=1380, 605.26125pt x 305.34074pt>
File: ./images//codes/miso.png Graphic file (type png)
<use ./images//codes/miso.png>
Package pdftex.def Info: ./images//codes/miso.png  used on input line 112.
(pdftex.def)             Requested size: 423.67998pt x 213.73706pt.
 [45 <./images//codes/mosi.png> <./images//codes/miso.png>])
(./sections/general_io.tex
<./images//block_diagrams/io_block_diagram.png, id=1390, 273.02pt x 226.8475pt>

File: ./images//block_diagrams/io_block_diagram.png Graphic file (type png)
<use ./images//block_diagrams/io_block_diagram.png>
Package pdftex.def Info: ./images//block_diagrams/io_block_diagram.png  used on
 input line 18.
(pdftex.def)             Requested size: 273.01933pt x 226.84694pt.


LaTeX Warning: `!h' float specifier changed to `!ht'.

[46 <./images//block_diagrams/io_block_diagram.png>] [47]
Overfull \hbox (3.90283pt too wide) in paragraph at lines 68--73
[][]$\OT1/cmtt/m/n/10.95 https : / / github . com / kaung-[]minkhant / risc-[]v
-[]deca / blob / master / peripherals / io / iopin . vhd$[][]\OT1/cmr/m/n/10.95
 .
 []

)) (./sections/testings.tex [48]
Chapter 5.
(./sections/cpu_testing.tex

LaTeX Warning: `!h' float specifier changed to `!ht'.


LaTeX Warning: No positions in optional float specifier.
               Default added (so using `tbp') on input line 33.

<./images//waveforms/simulation_testing_rf.png, id=1412, 1169.36874pt x 262.982
5pt>
File: ./images//waveforms/simulation_testing_rf.png Graphic file (type png)
<use ./images//waveforms/simulation_testing_rf.png>
Package pdftex.def Info: ./images//waveforms/simulation_testing_rf.png  used on
 input line 48.
(pdftex.def)             Requested size: 451.68915pt x 101.57962pt.

LaTeX Warning: `!h' float specifier changed to `!ht'.

[49

]
<./images//graphics/sample_pipeline_execution.png, id=1419, 1459.4525pt x 516.9
3124pt>
File: ./images//graphics/sample_pipeline_execution.png Graphic file (type png)
<use ./images//graphics/sample_pipeline_execution.png>
Package pdftex.def Info: ./images//graphics/sample_pipeline_execution.png  used
 on input line 59.
(pdftex.def)             Requested size: 437.83913pt x 155.08057pt.


LaTeX Warning: `!h' float specifier changed to `!ht'.

) [50 <./images//waveforms/simulation_testing_rf.png>]
(./sections/uart_testing.tex
<./images//block_diagrams/uart_module_tb.png, id=1427, 527.571pt x 205.36725pt>

File: ./images//block_diagrams/uart_module_tb.png Graphic file (type png)
<use ./images//block_diagrams/uart_module_tb.png>
Package pdftex.def Info: ./images//block_diagrams/uart_module_tb.png  used on i
nput line 16.
(pdftex.def)             Requested size: 263.78485pt x 102.68336pt.
 [51 <./images//graphics/sample_pipeline_execution.png> <./images//block_diagra
ms/uart_module_tb.png>]
<./images//waveforms/uart_transmit_same_data.png, id=1442, 856.3995pt x 153.573
75pt>
File: ./images//waveforms/uart_transmit_same_data.png Graphic file (type png)
<use ./images//waveforms/uart_transmit_same_data.png>
Package pdftex.def Info: ./images//waveforms/uart_transmit_same_data.png  used 
on input line 23.
(pdftex.def)             Requested size: 451.68915pt x 81.0pt.
<./images//waveforms/uart_transmit_different_data.png, id=1444, 850.377pt x 148
.75575pt>
File: ./images//waveforms/uart_transmit_different_data.png Graphic file (type p
ng)
<use ./images//waveforms/uart_transmit_different_data.png>
Package pdftex.def Info: ./images//waveforms/uart_transmit_different_data.png  
used on input line 28.
(pdftex.def)             Requested size: 451.68915pt x 79.01494pt.
<./images//waveforms/uart_transmit_same_data_32.png, id=1446, 835.32076pt x 151
.16475pt>
File: ./images//waveforms/uart_transmit_same_data_32.png Graphic file (type png
)
<use ./images//waveforms/uart_transmit_same_data_32.png>
Package pdftex.def Info: ./images//waveforms/uart_transmit_same_data_32.png  us
ed on input line 33.
(pdftex.def)             Requested size: 451.68915pt x 81.74075pt.


LaTeX Warning: `!h' float specifier changed to `!ht'.

[52 <./images//waveforms/uart_transmit_same_data.png> <./images//waveforms/uart
_transmit_different_data.png>]
<./images//waveforms/uart_transmit_different_data_32.png, id=1455, 829.9005pt x
 151.767pt>
File: ./images//waveforms/uart_transmit_different_data_32.png Graphic file (typ
e png)
<use ./images//waveforms/uart_transmit_different_data_32.png>
Package pdftex.def Info: ./images//waveforms/uart_transmit_different_data_32.pn
g  used on input line 38.
(pdftex.def)             Requested size: 451.68915pt x 82.60368pt.
<./images//waveforms/frame_error_testing.png, id=1457, 672.111pt x 58.41824pt>
File: ./images//waveforms/frame_error_testing.png Graphic file (type png)
<use ./images//waveforms/frame_error_testing.png>
Package pdftex.def Info: ./images//waveforms/frame_error_testing.png  used on i
nput line 46.
(pdftex.def)             Requested size: 451.68915pt x 39.26035pt.
 [53 <./images//waveforms/uart_transmit_same_data_32.png> <./images//waveforms/
uart_transmit_different_data_32.png> <./images//waveforms/frame_error_testing.p
ng>]
<./images//waveforms/baudrate_testing.png, id=1468, 626.34pt x 58.41824pt>
File: ./images//waveforms/baudrate_testing.png Graphic file (type png)
<use ./images//waveforms/baudrate_testing.png>
Package pdftex.def Info: ./images//waveforms/baudrate_testing.png  used on inpu
t line 52.
(pdftex.def)             Requested size: 451.68915pt x 42.12973pt.
) (./sections/i2c_testing.tex [54 <./images//waveforms/baudrate_testing.png>]

Package hyperref Warning: Token not allowed in a PDF string (PDFDocEncoding):
(hyperref)                removing `math shift' on input line 2.


Package hyperref Warning: Token not allowed in a PDF string (PDFDocEncoding):
(hyperref)                removing `superscript' on input line 2.


Package hyperref Warning: Token not allowed in a PDF string (PDFDocEncoding):
(hyperref)                removing `math shift' on input line 2.


LaTeX Warning: Reference `appendix:i2c_peripheral_implementation' on page 55 un
defined on input line 3.

<./images//block_diagrams/i2c_module_tb.png, id=1475, 819.06pt x 213.79875pt>
File: ./images//block_diagrams/i2c_module_tb.png Graphic file (type png)
<use ./images//block_diagrams/i2c_module_tb.png>
Package pdftex.def Info: ./images//block_diagrams/i2c_module_tb.png  used on in
put line 19.
(pdftex.def)             Requested size: 491.43979pt x 128.28023pt.

Overfull \hbox (19.40855pt too wide) in paragraph at lines 19--19
 [][] 
 []

<./images//waveforms/i2c_start.png, id=1477, 367.97475pt x 124.66576pt>
File: ./images//waveforms/i2c_start.png Graphic file (type png)
<use ./images//waveforms/i2c_start.png>
Package pdftex.def Info: ./images//waveforms/i2c_start.png  used on input line 
25.
(pdftex.def)             Requested size: 451.68915pt x 153.02788pt.

LaTeX Warning: `!h' float specifier changed to `!ht'.

[55 <./images//block_diagrams/i2c_module_tb.png>]
<./images//waveforms/i2c_stop.png, id=1495, 404.10976pt x 127.677pt>
File: ./images//waveforms/i2c_stop.png Graphic file (type png)
<use ./images//waveforms/i2c_stop.png>
Package pdftex.def Info: ./images//waveforms/i2c_stop.png  used on input line 2
9.
(pdftex.def)             Requested size: 451.68915pt x 142.71477pt.
<./images//waveforms/i2c_transmit_once.png, id=1496, 724.50674pt x 151.767pt>
File: ./images//waveforms/i2c_transmit_once.png Graphic file (type png)
<use ./images//waveforms/i2c_transmit_once.png>
Package pdftex.def Info: ./images//waveforms/i2c_transmit_once.png  used on inp
ut line 33.
(pdftex.def)             Requested size: 451.68915pt x 94.61792pt.
 [56 <./images//waveforms/i2c_start.png> <./images//waveforms/i2c_stop.png> <./
images//waveforms/i2c_transmit_once.png>]
<./images//waveforms/i2c_transmit_three_same.png, id=1506, 902.1705pt x 165.618
74pt>
File: ./images//waveforms/i2c_transmit_three_same.png Graphic file (type png)
<use ./images//waveforms/i2c_transmit_three_same.png>
Package pdftex.def Info: ./images//waveforms/i2c_transmit_three_same.png  used 
on input line 38.
(pdftex.def)             Requested size: 451.68915pt x 82.92035pt.
<./images//waveforms/i2c_transmit_two_different.png, id=1507, 1004.553pt x 178.
86826pt>
File: ./images//waveforms/i2c_transmit_two_different.png Graphic file (type png
)
<use ./images//waveforms/i2c_transmit_two_different.png>
Package pdftex.def Info: ./images//waveforms/i2c_transmit_two_different.png  us
ed on input line 42.
(pdftex.def)             Requested size: 451.68915pt x 80.42719pt.
<./images//waveforms/i2c_read_once.png, id=1508, 762.4485pt x 178.86826pt>
File: ./images//waveforms/i2c_read_once.png Graphic file (type png)
<use ./images//waveforms/i2c_read_once.png>
Package pdftex.def Info: ./images//waveforms/i2c_read_once.png  used on input l
ine 46.
(pdftex.def)             Requested size: 451.68915pt x 105.9653pt.
 [57 <./images//waveforms/i2c_transmit_three_same.png> <./images//waveforms/i2c
_transmit_two_different.png> <./images//waveforms/i2c_read_once.png>]
<./images//waveforms/i2c_read_twice_same.png, id=1517, 637.1805pt x 184.89075pt
>
File: ./images//waveforms/i2c_read_twice_same.png Graphic file (type png)
<use ./images//waveforms/i2c_read_twice_same.png>
Package pdftex.def Info: ./images//waveforms/i2c_read_twice_same.png  used on i
nput line 51.
(pdftex.def)             Requested size: 451.68915pt x 131.0702pt.
<./images//waveforms/i2c_read_two_different.png, id=1518, 754.017pt x 191.5155p
t>
File: ./images//waveforms/i2c_read_two_different.png Graphic file (type png)
<use ./images//waveforms/i2c_read_two_different.png>
Package pdftex.def Info: ./images//waveforms/i2c_read_two_different.png  used o
n input line 55.
(pdftex.def)             Requested size: 451.68915pt x 114.72606pt.
<./images//waveforms/i2c_read_after_write.png, id=1519, 728.7225pt x 189.70876p
t>
File: ./images//waveforms/i2c_read_after_write.png Graphic file (type png)
<use ./images//waveforms/i2c_read_after_write.png>
Package pdftex.def Info: ./images//waveforms/i2c_read_after_write.png  used on 
input line 59.
(pdftex.def)             Requested size: 451.68915pt x 117.58636pt.


LaTeX Warning: `!h' float specifier changed to `!ht'.

[58 <./images//waveforms/i2c_read_twice_same.png> <./images//waveforms/i2c_read
_two_different.png>]
<./images//waveforms/i2c_slave_ack.png, id=1528, 529.98pt x 118.64325pt>
File: ./images//waveforms/i2c_slave_ack.png Graphic file (type png)
<use ./images//waveforms/i2c_slave_ack.png>
Package pdftex.def Info: ./images//waveforms/i2c_slave_ack.png  used on input l
ine 64.
(pdftex.def)             Requested size: 451.68915pt x 101.11696pt.
) (./sections/spi_testing.tex [59 <./images//waveforms/i2c_read_after_write.png
> <./images//waveforms/i2c_slave_ack.png>]

LaTeX Warning: Reference `appendix:spi_peripheral_implementation' on page 60 un
defined on input line 3.

<./images//block_diagrams/spi_module_tb.png, id=1536, 829.29825pt x 184.2885pt>

File: ./images//block_diagrams/spi_module_tb.png Graphic file (type png)
<use ./images//block_diagrams/spi_module_tb.png>
Package pdftex.def Info: ./images//block_diagrams/spi_module_tb.png  used on in
put line 14.
(pdftex.def)             Requested size: 497.58278pt x 110.57394pt.

Overfull \hbox (25.55154pt too wide) in paragraph at lines 14--14
 [][] 
 []

<./images//waveforms/spi_clock_edges.png, id=1538, 823.27576pt x 112.62074pt>
File: ./images//waveforms/spi_clock_edges.png Graphic file (type png)
<use ./images//waveforms/spi_clock_edges.png>
Package pdftex.def Info: ./images//waveforms/spi_clock_edges.png  used on input
 line 18.
(pdftex.def)             Requested size: 451.68915pt x 61.79036pt.
[60 <./images//block_diagrams/spi_module_tb.png> <./images//waveforms/spi_clock
_edges.png>]
<./images//waveforms/spi_transmit_once.png, id=1550, 811.833pt x 181.8795pt>
File: ./images//waveforms/spi_transmit_once.png Graphic file (type png)
<use ./images//waveforms/spi_transmit_once.png>
Package pdftex.def Info: ./images//waveforms/spi_transmit_once.png  used on inp
ut line 23.
(pdftex.def)             Requested size: 451.68915pt x 101.19408pt.
<./images//waveforms/spi_transmit_twice.png, id=1551, 835.923pt x 184.89075pt>
File: ./images//waveforms/spi_transmit_twice.png Graphic file (type png)
<use ./images//waveforms/spi_transmit_twice.png>
Package pdftex.def Info: ./images//waveforms/spi_transmit_twice.png  used on in
put line 28.
(pdftex.def)             Requested size: 451.68915pt x 99.90439pt.
 [61 <./images//waveforms/spi_transmit_once.png> <./images//waveforms/spi_trans
mit_twice.png>]
<./images//waveforms/spi_read_once.png, id=1559, 838.93425pt x 261.97874pt>
File: ./images//waveforms/spi_read_once.png Graphic file (type png)
<use ./images//waveforms/spi_read_once.png>
Package pdftex.def Info: ./images//waveforms/spi_read_once.png  used on input l
ine 34.
(pdftex.def)             Requested size: 451.68915pt x 141.05467pt.
) (./sections/general_io_testings.tex [62 <./images//waveforms/spi_read_once.pn
g>]
<./images//waveforms/general_io_output.png, id=1567, 1448.41125pt x 229.85875pt
>
File: ./images//waveforms/general_io_output.png Graphic file (type png)
<use ./images//waveforms/general_io_output.png>
Package pdftex.def Info: ./images//waveforms/general_io_output.png  used on inp
ut line 17.
(pdftex.def)             Requested size: 451.68915pt x 71.67986pt.
<./images//waveforms/general_io_input.png, id=1569, 892.33376pt x 513.92pt>
File: ./images//waveforms/general_io_input.png Graphic file (type png)
<use ./images//waveforms/general_io_input.png>
Package pdftex.def Info: ./images//waveforms/general_io_input.png  used on inpu
t line 26.
(pdftex.def)             Requested size: 451.68915pt x 260.14313pt.

Underfull \vbox (badness 2359) has occurred while \output is active []

 [63 <./images//waveforms/general_io_output.png> <./images//waveforms/general_i
o_input.png>]
<./images//waveforms/special_io_uart_tx.png, id=1578, 1184.425pt x 476.78125pt>

File: ./images//waveforms/special_io_uart_tx.png Graphic file (type png)
<use ./images//waveforms/special_io_uart_tx.png>
Package pdftex.def Info: ./images//waveforms/special_io_uart_tx.png  used on in
put line 34.
(pdftex.def)             Requested size: 451.68915pt x 181.82623pt.
)) (./sections/hardware_testings.tex [64 <./images//waveforms/special_io_uart_t
x.png>]
Chapter 6.
<./images/graphics/hardware_output_1.jpg, id=1586, 963.6pt x 722.7pt>
File: ./images/graphics/hardware_output_1.jpg Graphic file (type jpg)
<use ./images/graphics/hardware_output_1.jpg>
Package pdftex.def Info: ./images/graphics/hardware_output_1.jpg  used on input
 line 35.
(pdftex.def)             Requested size: 192.71658pt x 144.53743pt.
<./images/graphics/hardware_output_2.jpg, id=1587, 963.6pt x 722.7pt>
File: ./images/graphics/hardware_output_2.jpg Graphic file (type jpg)
<use ./images/graphics/hardware_output_2.jpg>
Package pdftex.def Info: ./images/graphics/hardware_output_2.jpg  used on input
 line 35.
(pdftex.def)             Requested size: 192.71658pt x 144.53743pt.
<./images/graphics/hardware_output_3.jpg, id=1588, 963.6pt x 722.7pt>
File: ./images/graphics/hardware_output_3.jpg Graphic file (type jpg)
<use ./images/graphics/hardware_output_3.jpg>
Package pdftex.def Info: ./images/graphics/hardware_output_3.jpg  used on input
 line 36.
(pdftex.def)             Requested size: 192.71658pt x 144.53743pt.
<./images/graphics/hardware_output_4.jpg, id=1589, 963.6pt x 722.7pt>
File: ./images/graphics/hardware_output_4.jpg Graphic file (type jpg)
<use ./images/graphics/hardware_output_4.jpg>
Package pdftex.def Info: ./images/graphics/hardware_output_4.jpg  used on input
 line 36.
(pdftex.def)             Requested size: 192.71658pt x 144.53743pt.

Underfull \vbox (badness 1931) has occurred while \output is active []

 [65

]

LaTeX Warning: `!h' float specifier changed to `!ht'.

<./images/graphics/hardware_input_off.jpg, id=1596, 963.6pt x 722.7pt>
File: ./images/graphics/hardware_input_off.jpg Graphic file (type jpg)
<use ./images/graphics/hardware_input_off.jpg>
Package pdftex.def Info: ./images/graphics/hardware_input_off.jpg  used on inpu
t line 74.
(pdftex.def)             Requested size: 192.71658pt x 144.53743pt.
<./images/graphics/hardware_input_on.jpg, id=1597, 963.6pt x 722.7pt>
File: ./images/graphics/hardware_input_on.jpg Graphic file (type jpg)
<use ./images/graphics/hardware_input_on.jpg>
Package pdftex.def Info: ./images/graphics/hardware_input_on.jpg  used on input
 line 74.
(pdftex.def)             Requested size: 192.71658pt x 144.53743pt.
[66 <./images/graphics/hardware_output_1.jpg> <./images/graphics/hardware_outpu
t_2.jpg> <./images/graphics/hardware_output_3.jpg> <./images/graphics/hardware_
output_4.jpg>]

LaTeX Warning: `!h' float specifier changed to `!ht'.

<./images//graphics/hardware_uart.jpg, id=1604, 963.6pt x 722.7pt>
File: ./images//graphics/hardware_uart.jpg Graphic file (type jpg)
<use ./images//graphics/hardware_uart.jpg>
Package pdftex.def Info: ./images//graphics/hardware_uart.jpg  used on input li
ne 110.
(pdftex.def)             Requested size: 481.79883pt x 361.3491pt.

Overfull \hbox (9.7676pt too wide) in paragraph at lines 110--110
 [][] 
 []


LaTeX Warning: `!h' float specifier changed to `!ht'.

) (./sections/conclusion.tex [67 <./images/graphics/hardware_input_off.jpg> <./
images/graphics/hardware_input_on.jpg>]

LaTeX Warning: Text page 68 contains only floats.

[68 <./images//graphics/hardware_uart.jpg>]
Chapter 7.
[69

]) [70] (./sections/append.tex [71


]
Appendix A.

Overfull \hbox (16.30019pt too wide) in paragraph at lines 7--8
\OT1/cmr/m/n/10.95 Source Codes can be found on the GitHub Page: [][]$\OT1/cmtt
/m/n/10.95 https : / / github . com / kaung-[]minkhant / risc-[]v-[]deca$[][] 
 []

[72

]
<./images//graphics/timeline.png, id=1651, 6891.7475pt x 970.62625pt>
File: ./images//graphics/timeline.png Graphic file (type png)
<use ./images//graphics/timeline.png>
Package pdftex.def Info: ./images//graphics/timeline.png  used on input line 30
.
(pdftex.def)             Requested size: 551.35107pt x 77.65169pt.
) (./report.bbl [73 <./images//graphics/timeline.png>]pdfTeX warning (ext4): de
stination with the same identifier (name{page.73}) has been already used, dupli
cate ignored
<to be read again> 
                   \relax 
l.1 \begin{thebibliography}{}
                              [73

]
Underfull \hbox (badness 1448) in paragraph at lines 4--8
[]\OT1/cmr/m/n/10.95 Brisk, D. (2017).  Ri5cy: A risc-v isa-based energy-effici
ent pro-ces-sor gen-
 []


Underfull \hbox (badness 10000) in paragraph at lines 26--32
\OT1/cmtt/m/n/10.95 com / en / analog-[]dialogue / articles / uart-[]a-[]hardwa
re-[]communication-[]protocol . html# :
 []


Underfull \hbox (badness 1389) in paragraph at lines 48--52
[]\OT1/cmr/m/n/10.95 sparkfun and SFUP-TOWN-MAKER (2015).  I2c.
 []

) 
AED: lastpage setting LastPage
[74]
Package atveryend Info: Empty hook `BeforeClearDocument' on input line 170.
Package atveryend Info: Empty hook `AfterLastShipout' on input line 170.
 (./report.aux)
Package atveryend Info: Executing hook `AtVeryEndDocument' on input line 170.
Package atveryend Info: Executing hook `AtEndAfterFileList' on input line 170.
Package rerunfilecheck Info: File `report.out' has not changed.
(rerunfilecheck)             Checksum: 829B77064F53A1F35A82C44FC8DAF69D;10290.


LaTeX Warning: There were undefined references.

Package atveryend Info: Empty hook `AtVeryVeryEnd' on input line 170.
 ) 
Here is how much of TeX's memory you used:
 10714 strings out of 483107
 166585 string characters out of 5964630
 429976 words of memory out of 5000000
 24992 multiletter control sequences out of 15000+600000
 544831 words of font info for 71 fonts, out of 8000000 for 9000
 59 hyphenation exceptions out of 8191
 34i,19n,45p,1198b,409s stack positions out of 5000i,500n,10000p,200000b,80000s
 </home/polar/.texlive2019/texmf-var/fonts/pk/ljfour/jknappen/ec/tcrm1095.600
pk></usr/share/texlive/texmf-dist/fonts/type1/public/amsfonts/cm/cmbx10.pfb></u
sr/share/texlive/texmf-dist/fonts/type1/public/amsfonts/cm/cmbx12.pfb></usr/sha
re/texlive/texmf-dist/fonts/type1/public/amsfonts/cm/cmbxti10.pfb></usr/share/t
exlive/texmf-dist/fonts/type1/public/amsfonts/cm/cmmi10.pfb></usr/share/texlive
/texmf-dist/fonts/type1/public/amsfonts/cm/cmmi8.pfb></usr/share/texlive/texmf-
dist/fonts/type1/public/amsfonts/cm/cmr10.pfb></usr/share/texlive/texmf-dist/fo
nts/type1/public/amsfonts/cm/cmr12.pfb></usr/share/texlive/texmf-dist/fonts/typ
e1/public/amsfonts/cm/cmr8.pfb></usr/share/texlive/texmf-dist/fonts/type1/publi
c/amsfonts/cm/cmti10.pfb></usr/share/texlive/texmf-dist/fonts/type1/public/amsf
onts/cm/cmtt10.pfb>
Output written on report.pdf (86 pages, 4362218 bytes).
PDF statistics:
 1815 PDF objects out of 2073 (max. 8388607)
 1572 compressed objects within 16 object streams
 410 named destinations out of 1000 (max. 500000)
 1442 words of extra memory for PDF output out of 10000 (max. 10000000)

