D:\ALTERA\14.0\IP\SLS\USB20SR\SOFTWARE\EXAMPLE\WINDOWS\RWUSB_VC_PP\DEBUG\SLSUSBCLIENT.BSC
D:\ALTERA\14.0\IP\SLS\USB20SR\SOFTWARE\EXAMPLE\WINDOWS\RWUSB_VC_PP\DEBUG\SLSUSBCLIENT.PCH
D:\ALTERA\14.0\IP\SLS\USB20SR\SOFTWARE\EXAMPLE\WINDOWS\RWUSB_VC_PP\DEBUG\STDAFX.SBR
D:\ALTERA\14.0\IP\SLS\USB20SR\SOFTWARE\EXAMPLE\WINDOWS\RWUSB_VC_PP\DEBUG\STDAFX.OBJ
D:\ALTERA\14.0\IP\SLS\USB20SR\SOFTWARE\EXAMPLE\WINDOWS\RWUSB_VC_PP\DEBUG\VC110.PDB
D:\ALTERA\14.0\IP\SLS\USB20SR\SOFTWARE\EXAMPLE\WINDOWS\RWUSB_VC_PP\DEBUG\SLSUSBCLIENT.SBR
D:\ALTERA\14.0\IP\SLS\USB20SR\SOFTWARE\EXAMPLE\WINDOWS\RWUSB_VC_PP\DEBUG\SLSUSBCLIENT.OBJ
D:\ALTERA\14.0\IP\SLS\USB20SR\SOFTWARE\EXAMPLE\WINDOWS\RWUSB_VC_PP\DEBUG\SLSUSBCLIENT.ILK
D:\ALTERA\14.0\IP\SLS\USB20SR\SOFTWARE\EXAMPLE\WINDOWS\RWUSB_VC_PP\DEBUG\SLSUSBCLIENT.EXE
D:\ALTERA\14.0\IP\SLS\USB20SR\SOFTWARE\EXAMPLE\WINDOWS\RWUSB_VC_PP\DEBUG\SLSUSBCLIENT.PDB
D:\SVN\max10\test\peli\deca_usb_ulpi\demo_batch\app_driver\example\windows\rwusb_vc_pp\Debug\SLSUSBClient.obj
D:\SVN\max10\test\peli\deca_usb_ulpi\demo_batch\app_driver\example\windows\rwusb_vc_pp\Debug\StdAfx.obj
D:\SVN\max10\test\peli\deca_usb_ulpi\demo_batch\app_driver\example\windows\rwusb_vc_pp\Debug\SLSUSBClient.ilk
D:\SVN\max10\test\peli\deca_usb_ulpi\demo_batch\app_driver\example\windows\rwusb_vc_pp\Debug\BscMake.command.1.tlog
D:\SVN\max10\test\peli\deca_usb_ulpi\demo_batch\app_driver\example\windows\rwusb_vc_pp\Debug\bscmake.read.1.tlog
D:\SVN\max10\test\peli\deca_usb_ulpi\demo_batch\app_driver\example\windows\rwusb_vc_pp\Debug\bscmake.write.1.tlog
D:\SVN\max10\test\peli\deca_usb_ulpi\demo_batch\app_driver\example\windows\rwusb_vc_pp\Debug\cl.command.1.tlog
D:\SVN\max10\test\peli\deca_usb_ulpi\demo_batch\app_driver\example\windows\rwusb_vc_pp\Debug\CL.read.1.tlog
D:\SVN\max10\test\peli\deca_usb_ulpi\demo_batch\app_driver\example\windows\rwusb_vc_pp\Debug\CL.write.1.tlog
D:\SVN\max10\test\peli\deca_usb_ulpi\demo_batch\app_driver\example\windows\rwusb_vc_pp\Debug\link-cvtres.read.1.tlog
D:\SVN\max10\test\peli\deca_usb_ulpi\demo_batch\app_driver\example\windows\rwusb_vc_pp\Debug\link-cvtres.write.1.tlog
D:\SVN\max10\test\peli\deca_usb_ulpi\demo_batch\app_driver\example\windows\rwusb_vc_pp\Debug\link-rc.read.1.tlog
D:\SVN\max10\test\peli\deca_usb_ulpi\demo_batch\app_driver\example\windows\rwusb_vc_pp\Debug\link-rc.write.1.tlog
D:\SVN\max10\test\peli\deca_usb_ulpi\demo_batch\app_driver\example\windows\rwusb_vc_pp\Debug\link.command.1.tlog
D:\SVN\max10\test\peli\deca_usb_ulpi\demo_batch\app_driver\example\windows\rwusb_vc_pp\Debug\link.read.1.tlog
D:\SVN\max10\test\peli\deca_usb_ulpi\demo_batch\app_driver\example\windows\rwusb_vc_pp\Debug\link.write.1.tlog
D:\SVN\max10\test\peli\deca_usb_ulpi\demo_batch\app_driver\example\windows\rwusb_vc_pp\Debug\SLSUSBClient.pch
D:\SVN\max10\test\peli\deca_usb_ulpi\demo_batch\app_driver\example\windows\rwusb_vc_pp\Debug\vc110.idb
D:\SVN\max10\test\peli\deca_usb_ulpi\demo_batch\app_driver\example\windows\rwusb_vc_pp\Debug\SLSUSBClient.pdb
D:\SVN\max10\test\peli\deca_usb_ulpi\demo_batch\app_driver\example\windows\rwusb_vc_pp\Debug\vc110.pdb
D:\SVN\max10\test\peli\deca_usb_ulpi\demo_batch\app_driver\example\windows\rwusb_vc_pp\Debug\SLSUSBClient.bsc
D:\SVN\max10\test\peli\deca_usb_ulpi\demo_batch\app_driver\example\windows\rwusb_vc_pp\Debug\SLSUSBClient.sbr
D:\SVN\max10\test\peli\deca_usb_ulpi\demo_batch\app_driver\example\windows\rwusb_vc_pp\Debug\StdAfx.sbr
D:\SVN\max10\test\peli\deca_usb_ulpi\demo_batch\app_driver\example\windows\rwusb_vc_pp\.\Debug\SLSUSBClient.exe
