Assembler report for DECA_golden_top
Mon Apr 20 18:49:55 2015
Quartus II 64-Bit Version 15.0.0 Build 139 03/11/2015 Patches 0.02zb SJ Full Version


---------------------
; Table of Contents ;
---------------------
  1. Legal Notice
  2. Assembler Summary
  3. Assembler Settings
  4. Assembler Encrypted IP Cores Summary
  5. Assembler Generated Files
  6. Assembler Device Options: E:/SVN/deca/amax10/cd/cd_revC/demostration/deca_usb_ulpi/DECA_golden_top_time_limited.sof
  7. Assembler Messages



----------------
; Legal Notice ;
----------------
Copyright (C) 1991-2015 Altera Corporation. All rights reserved.
Your use of Altera Corporation's design tools, logic functions 
and other software and tools, and its AMPP partner logic 
functions, and any output files from any of the foregoing 
(including device programming or simulation files), and any 
associated documentation or information are expressly subject 
to the terms and conditions of the Altera Program License 
Subscription Agreement, the Altera Quartus II License Agreement,
the Altera MegaCore Function License Agreement, or other 
applicable license agreement, including, without limitation, 
that your use is for the sole purpose of programming logic 
devices manufactured by Altera and sold by Altera or its 
authorized distributors.  Please refer to the applicable 
agreement for further details.



+---------------------------------------------------------------+
; Assembler Summary                                             ;
+-----------------------+---------------------------------------+
; Assembler Status      ; Successful - Mon Apr 20 18:49:55 2015 ;
; Revision Name         ; DECA_golden_top                       ;
; Top-level Entity Name ; DECA_golden_top                       ;
; Family                ; MAX 10                                ;
; Device                ; 10M50DAF484C6GES                      ;
+-----------------------+---------------------------------------+


+----------------------------------+
; Assembler Settings               ;
+--------+---------+---------------+
; Option ; Setting ; Default Value ;
+--------+---------+---------------+


+-----------------------------------------------------------------------------+
; Assembler Encrypted IP Cores Summary                                        ;
+-----------------------------+-------------------------------+---------------+
; Vendor                      ; IP Core Name                  ; License Type  ;
+-----------------------------+-------------------------------+---------------+
; System Level Solutions, Inc ; Unknown (5750 0A04)           ; OpenCore Plus ;
; Altera                      ; Nios II Processor (6AF7 00A2) ; Licensed      ;
; Altera                      ; Signal Tap (6AF7 BCE1)        ; Licensed      ;
; Altera                      ; Signal Tap (6AF7 BCEC)        ; Licensed      ;
+-----------------------------+-------------------------------+---------------+


+-------------------------------------------------------------------------------------------+
; Assembler Generated Files                                                                 ;
+-------------------------------------------------------------------------------------------+
; File Name                                                                                 ;
+-------------------------------------------------------------------------------------------+
; E:/SVN/deca/amax10/cd/cd_revC/demostration/deca_usb_ulpi/DECA_golden_top_time_limited.sof ;
+-------------------------------------------------------------------------------------------+


+---------------------------------------------------------------------------------------------------------------------+
; Assembler Device Options: E:/SVN/deca/amax10/cd/cd_revC/demostration/deca_usb_ulpi/DECA_golden_top_time_limited.sof ;
+----------------+----------------------------------------------------------------------------------------------------+
; Option         ; Setting                                                                                            ;
+----------------+----------------------------------------------------------------------------------------------------+
; Device         ; 10M50DAF484C6GES                                                                                   ;
; JTAG usercode  ; 0x0086A66E                                                                                         ;
; Checksum       ; 0x0086A66E                                                                                         ;
+----------------+----------------------------------------------------------------------------------------------------+


+--------------------+
; Assembler Messages ;
+--------------------+
Info: *******************************************************************
Info: Running Quartus II 64-Bit Assembler
    Info: Version 15.0.0 Build 139 03/11/2015 Patches 0.02zb SJ Full Version
    Info: Processing started: Mon Apr 20 18:49:44 2015
Info: Command: quartus_asm --read_settings_files=off --write_settings_files=off DECA_golden_top -c DECA_golden_top
Info: Using INI file E:/SVN/deca/amax10/cd/cd_revC/demostration/deca_usb_ulpi/quartus.ini
Info (115031): Writing out detailed assembly data for power analysis
Info (115030): Assembler is generating device programming files
Info (115017): Design contains a time-limited core -- only a single, time-limited programming file can be generated
Info (210040): SRAM Object File E:/SVN/deca/amax10/cd/cd_revC/demostration/deca_usb_ulpi/DECA_golden_top_time_limited.sof contains time-limited megafunction that supports OpenCore Plus feature -- Vendor: 0x5750, Product: 0x0A04
Info: Quartus II 64-Bit Assembler was successful. 0 errors, 0 warnings
    Info: Peak virtual memory: 660 megabytes
    Info: Processing ended: Mon Apr 20 18:49:55 2015
    Info: Elapsed time: 00:00:11
    Info: Total CPU time (on all processors): 00:00:04


