Flow report for DECA_golden_top
Mon Apr 20 18:50:20 2015
Quartus II 64-Bit Version 15.0.0 Build 139 03/11/2015 Patches 0.02zb SJ Full Version


---------------------
; Table of Contents ;
---------------------
  1. Legal Notice
  2. Flow Summary
  3. Flow Settings
  4. Flow Non-Default Global Settings
  5. Flow Elapsed Time
  6. Flow OS Summary
  7. Flow Log
  8. Flow Messages
  9. Flow Suppressed Messages



----------------
; Legal Notice ;
----------------
Copyright (C) 1991-2015 Altera Corporation. All rights reserved.
Your use of Altera Corporation's design tools, logic functions 
and other software and tools, and its AMPP partner logic 
functions, and any output files from any of the foregoing 
(including device programming or simulation files), and any 
associated documentation or information are expressly subject 
to the terms and conditions of the Altera Program License 
Subscription Agreement, the Altera Quartus II License Agreement,
the Altera MegaCore Function License Agreement, or other 
applicable license agreement, including, without limitation, 
that your use is for the sole purpose of programming logic 
devices manufactured by Altera and sold by Altera or its 
authorized distributors.  Please refer to the applicable 
agreement for further details.



+-------------------------------------------------------------------------------------------------+
; Flow Summary                                                                                    ;
+------------------------------------+------------------------------------------------------------+
; Flow Status                        ; Successful - Mon Apr 20 18:49:55 2015                      ;
; Quartus II 64-Bit Version          ; 15.0.0 Build 139 03/11/2015 Patches 0.02zb SJ Full Version ;
; Revision Name                      ; DECA_golden_top                                            ;
; Top-level Entity Name              ; DECA_golden_top                                            ;
; Family                             ; MAX 10                                                     ;
; Device                             ; 10M50DAF484C6GES                                           ;
; Timing Models                      ; Preliminary                                                ;
; Total logic elements               ; 7,684 / 49,760 ( 15 % )                                    ;
;     Total combinational functions  ; 6,874 / 49,760 ( 14 % )                                    ;
;     Dedicated logic registers      ; 4,437 / 49,760 ( 9 % )                                     ;
; Total registers                    ; 4437                                                       ;
; Total pins                         ; 185 / 360 ( 51 % )                                         ;
; Total virtual pins                 ; 0                                                          ;
; Total memory bits                  ; 1,180,336 / 1,677,312 ( 70 % )                             ;
; Embedded Multiplier 9-bit elements ; 8 / 288 ( 3 % )                                            ;
; Total PLLs                         ; 2 / 4 ( 50 % )                                             ;
; UFM blocks                         ; 0 / 1 ( 0 % )                                              ;
; ADC blocks                         ; 0 / 2 ( 0 % )                                              ;
+------------------------------------+------------------------------------------------------------+


+-----------------------------------------+
; Flow Settings                           ;
+-------------------+---------------------+
; Option            ; Setting             ;
+-------------------+---------------------+
; Start date & time ; 04/20/2015 18:46:13 ;
; Main task         ; Compilation         ;
; Revision Name     ; DECA_golden_top     ;
+-------------------+---------------------+


+------------------------------------------------------------------------------------------------------------------------------------------------------+
; Flow Non-Default Global Settings                                                                                                                     ;
+-------------------------------------+------------------------------------------------------------------+---------------+----------------+------------+
; Assignment Name                     ; Value                                                            ; Default Value ; Entity Name    ; Section Id ;
+-------------------------------------+------------------------------------------------------------------+---------------+----------------+------------+
; COMPILER_SIGNATURE_ID               ; 163683359189666.142952677307708                                  ; --            ; --             ; --         ;
; CYCLONEII_OPTIMIZATION_TECHNIQUE    ; Speed                                                            ; Balanced      ; --             ; --         ;
; ENABLE_SIGNALTAP                    ; Off                                                              ; --            ; --             ; --         ;
; FITTER_EFFORT                       ; Standard Fit                                                     ; Auto Fit      ; --             ; --         ;
; MAX_CORE_JUNCTION_TEMP              ; 85                                                               ; --            ; --             ; --         ;
; MIN_CORE_JUNCTION_TEMP              ; 0                                                                ; --            ; --             ; --         ;
; MISC_FILE                           ; usb20sr_refdes/synthesis/../usb20sr_refdes.cmp                   ; --            ; --             ; --         ;
; MISC_FILE                           ; usb20sr_refdes/synthesis/../../usb20sr_refdes.qsys               ; --            ; --             ; --         ;
; MISC_FILE                           ; usb_pll_bb.v                                                     ; --            ; --             ; --         ;
; MISC_FILE                           ; usb_pll.ppf                                                      ; --            ; --             ; --         ;
; OUTPUT_IO_TIMING_FAR_END_VMEAS      ; Half Signal Swing                                                ; --            ; --             ; --         ;
; OUTPUT_IO_TIMING_FAR_END_VMEAS      ; Half Signal Swing                                                ; --            ; --             ; --         ;
; OUTPUT_IO_TIMING_NEAR_END_VMEAS     ; Half Vccio                                                       ; --            ; --             ; --         ;
; OUTPUT_IO_TIMING_NEAR_END_VMEAS     ; Half Vccio                                                       ; --            ; --             ; --         ;
; PARTITION_COLOR                     ; 16764057                                                         ; --            ; --             ; Top        ;
; PARTITION_FITTER_PRESERVATION_LEVEL ; PLACEMENT_AND_ROUTING                                            ; --            ; --             ; Top        ;
; PARTITION_NETLIST_TYPE              ; SOURCE                                                           ; --            ; --             ; Top        ;
; SLD_FILE                            ; usb20sr_refdes/synthesis/usb20sr_refdes.regmap                   ; --            ; --             ; --         ;
; SLD_FILE                            ; usb20sr_refdes/synthesis/usb20sr_refdes.debuginfo                ; --            ; --             ; --         ;
; SLD_INFO                            ; QSYS_NAME usb20sr_refdes HAS_SOPCINFO 1 GENERATION_ID 1429526690 ; --            ; usb20sr_refdes ; --         ;
; SOPCINFO_FILE                       ; usb20sr_refdes/synthesis/../../usb20sr_refdes.sopcinfo           ; --            ; --             ; --         ;
; SYNTHESIS_ONLY_QIP                  ; On                                                               ; --            ; --             ; --         ;
; USE_SIGNALTAP_FILE                  ; stp1.stp                                                         ; --            ; --             ; --         ;
+-------------------------------------+------------------------------------------------------------------+---------------+----------------+------------+


+-------------------------------------------------------------------------------------------------------------------------------+
; Flow Elapsed Time                                                                                                             ;
+---------------------------+--------------+-------------------------+---------------------+------------------------------------+
; Module Name               ; Elapsed Time ; Average Processors Used ; Peak Virtual Memory ; Total CPU Time (on all processors) ;
+---------------------------+--------------+-------------------------+---------------------+------------------------------------+
; Analysis & Synthesis      ; 00:01:12     ; 1.0                     ; 1064 MB             ; 00:01:29                           ;
; Fitter                    ; 00:02:12     ; 1.6                     ; 1801 MB             ; 00:03:13                           ;
; Assembler                 ; 00:00:11     ; 1.0                     ; 660 MB              ; 00:00:04                           ;
; TimeQuest Timing Analyzer ; 00:00:22     ; 1.5                     ; 889 MB              ; 00:00:30                           ;
; Total                     ; 00:03:57     ; --                      ; --                  ; 00:05:16                           ;
+---------------------------+--------------+-------------------------+---------------------+------------------------------------+


+----------------------------------------------------------------------------------------+
; Flow OS Summary                                                                        ;
+---------------------------+------------------+-----------+------------+----------------+
; Module Name               ; Machine Hostname ; OS Name   ; OS Version ; Processor type ;
+---------------------------+------------------+-----------+------------+----------------+
; Analysis & Synthesis      ; Lee-PC           ; Windows 7 ; 6.1        ; x86_64         ;
; Fitter                    ; Lee-PC           ; Windows 7 ; 6.1        ; x86_64         ;
; Assembler                 ; Lee-PC           ; Windows 7 ; 6.1        ; x86_64         ;
; TimeQuest Timing Analyzer ; Lee-PC           ; Windows 7 ; 6.1        ; x86_64         ;
+---------------------------+------------------+-----------+------------+----------------+


------------
; Flow Log ;
------------
quartus_map --read_settings_files=on --write_settings_files=off DECA_golden_top -c DECA_golden_top
quartus_fit --read_settings_files=off --write_settings_files=off DECA_golden_top -c DECA_golden_top
quartus_asm --read_settings_files=off --write_settings_files=off DECA_golden_top -c DECA_golden_top
quartus_sta DECA_golden_top -c DECA_golden_top



